<?xml version="1.0" encoding="UTF-8"?>
<testsuite name="tictactoe.BoardTest" tests="7" skipped="0" failures="0" errors="0" timestamp="2019-09-12T21:33:58" hostname="DESKTOP-IFKHLR1" time="0.014">
  <properties/>
  <testcase name="boardShouldReturnFalseWhenInvalidMove" classname="tictactoe.BoardTest" time="0.012"/>
  <testcase name="boardShouldReturnTrueWhenValidMove" classname="tictactoe.BoardTest" time="0.0"/>
  <testcase name="gameOverShouldBeTrueWhen9MovesMade" classname="tictactoe.BoardTest" time="0.0"/>
  <testcase name="initalBoardShouldBeFilledWithDots" classname="tictactoe.BoardTest" time="0.0"/>
  <testcase name="invalidMoveShouldNotChangeState" classname="tictactoe.BoardTest" time="0.0"/>
  <testcase name="testForWinners" classname="tictactoe.BoardTest" time="0.0"/>
  <testcase name="boardShouldBeUpdatedWhenPlayerMoves" classname="tictactoe.BoardTest" time="0.0"/>
  <system-out><![CDATA[]]></system-out>
  <system-err><![CDATA[]]></system-err>
</testsuite>
