<?xml version="1.0" encoding="UTF-8"?>
<testsuite name="tictactoe.BoardTest" tests="1" skipped="0" failures="0" errors="0" timestamp="2019-09-12T16:39:21" hostname="DESKTOP-IFKHLR1" time="0.001">
  <properties/>
  <testcase name="initalBoardShouldBe3by3FilledWithDots" classname="tictactoe.BoardTest" time="0.001"/>
  <system-out><![CDATA[]]></system-out>
  <system-err><![CDATA[]]></system-err>
</testsuite>
